{"C:\\Users\\kuralenko.aleksandr5\\Desktop\\class-components\\src\\components\\Card\\Card.tsx": {"path":"C:\\Users\\kuralenko.aleksandr5\\Desktop\\class-components\\src\\components\\Card\\Card.tsx","all":false,"statementMap":{"0":{"start":{"line":1,"column":0},"end":{"line":1,"column":21}},"1":{"start":{"line":2,"column":0},"end":{"line":2,"column":34}},"9":{"start":{"line":10,"column":0},"end":{"line":10,"column":37}},"10":{"start":{"line":11,"column":0},"end":{"line":11,"column":12}},"11":{"start":{"line":12,"column":0},"end":{"line":12,"column":12}},"12":{"start":{"line":13,"column":0},"end":{"line":13,"column":10}},"13":{"start":{"line":14,"column":0},"end":{"line":14,"column":32}},"14":{"start":{"line":15,"column":0},"end":{"line":15,"column":44}},"15":{"start":{"line":16,"column":0},"end":{"line":16,"column":47}},"16":{"start":{"line":17,"column":0},"end":{"line":17,"column":11}},"18":{"start":{"line":19,"column":0},"end":{"line":19,"column":3}},"19":{"start":{"line":20,"column":0},"end":{"line":20,"column":1}}},"s":{"0":1,"1":1,"9":1,"10":1,"11":4,"12":4,"13":4,"14":4,"15":4,"16":4,"18":4,"19":1},"branchMap":{"0":{"type":"branch","line":11,"loc":{"start":{"line":11,"column":2},"end":{"line":19,"column":3}},"locations":[{"start":{"line":11,"column":2},"end":{"line":19,"column":3}}]}},"b":{"0":[4]},"fnMap":{"0":{"name":"render","decl":{"start":{"line":11,"column":2},"end":{"line":19,"column":3}},"loc":{"start":{"line":11,"column":2},"end":{"line":19,"column":3}},"line":11}},"f":{"0":4}}
,"C:\\Users\\kuralenko.aleksandr5\\Desktop\\class-components\\src\\components\\CardList\\CardList.tsx": {"path":"C:\\Users\\kuralenko.aleksandr5\\Desktop\\class-components\\src\\components\\CardList\\CardList.tsx","all":false,"statementMap":{"0":{"start":{"line":1,"column":0},"end":{"line":1,"column":21}},"1":{"start":{"line":2,"column":0},"end":{"line":2,"column":36}},"2":{"start":{"line":3,"column":0},"end":{"line":3,"column":26}},"11":{"start":{"line":12,"column":0},"end":{"line":12,"column":48}},"12":{"start":{"line":13,"column":0},"end":{"line":13,"column":12}},"13":{"start":{"line":14,"column":0},"end":{"line":14,"column":50}},"14":{"start":{"line":15,"column":0},"end":{"line":15,"column":35}},"16":{"start":{"line":17,"column":0},"end":{"line":17,"column":31}},"17":{"start":{"line":18,"column":0},"end":{"line":18,"column":37}},"18":{"start":{"line":19,"column":0},"end":{"line":19,"column":11}},"19":{"start":{"line":20,"column":0},"end":{"line":20,"column":13}},"20":{"start":{"line":21,"column":0},"end":{"line":21,"column":19}},"21":{"start":{"line":22,"column":0},"end":{"line":22,"column":22}},"22":{"start":{"line":23,"column":0},"end":{"line":23,"column":24}},"23":{"start":{"line":24,"column":0},"end":{"line":24,"column":16}},"28":{"start":{"line":29,"column":0},"end":{"line":29,"column":17}},"29":{"start":{"line":30,"column":0},"end":{"line":30,"column":16}},"30":{"start":{"line":31,"column":0},"end":{"line":31,"column":20}},"31":{"start":{"line":32,"column":0},"end":{"line":32,"column":19}},"32":{"start":{"line":33,"column":0},"end":{"line":33,"column":27}},"33":{"start":{"line":34,"column":0},"end":{"line":34,"column":27}},"34":{"start":{"line":35,"column":0},"end":{"line":35,"column":33}},"35":{"start":{"line":36,"column":0},"end":{"line":36,"column":37}},"36":{"start":{"line":37,"column":0},"end":{"line":37,"column":16}},"38":{"start":{"line":39,"column":0},"end":{"line":39,"column":11}},"39":{"start":{"line":40,"column":0},"end":{"line":40,"column":10}},"40":{"start":{"line":41,"column":0},"end":{"line":41,"column":11}},"42":{"start":{"line":43,"column":0},"end":{"line":43,"column":3}},"43":{"start":{"line":44,"column":0},"end":{"line":44,"column":1}}},"s":{"0":1,"1":1,"2":1,"11":1,"12":1,"13":2,"14":1,"16":1,"17":1,"18":1,"19":2,"20":2,"21":2,"22":2,"23":2,"28":2,"29":2,"30":2,"31":2,"32":2,"33":2,"34":2,"35":2,"36":2,"38":2,"39":1,"40":1,"42":2,"43":1},"branchMap":{"0":{"type":"branch","line":13,"loc":{"start":{"line":13,"column":2},"end":{"line":43,"column":3}},"locations":[{"start":{"line":13,"column":2},"end":{"line":43,"column":3}}]},"1":{"type":"branch","line":14,"loc":{"start":{"line":14,"column":45},"end":{"line":15,"column":35}},"locations":[{"start":{"line":14,"column":45},"end":{"line":15,"column":35}}]},"2":{"type":"branch","line":15,"loc":{"start":{"line":15,"column":31},"end":{"line":41,"column":11}},"locations":[{"start":{"line":15,"column":31},"end":{"line":41,"column":11}}]},"3":{"type":"branch","line":19,"loc":{"start":{"line":19,"column":10},"end":{"line":39,"column":11}},"locations":[{"start":{"line":19,"column":10},"end":{"line":39,"column":11}}]}},"b":{"0":[2],"1":[1],"2":[1],"3":[2]},"fnMap":{"0":{"name":"render","decl":{"start":{"line":13,"column":2},"end":{"line":43,"column":3}},"loc":{"start":{"line":13,"column":2},"end":{"line":43,"column":3}},"line":13}},"f":{"0":2}}
}
